# JRE version: Java(TM) SE Runtime Environment (7.0_75-b13) (build 1.7.0_75-b13)
# Java VM: Java HotSpot(TM) 64-Bit Server VM (24.75-b04 mixed mode bsd-amd64 compressed oops)
Heap
 par new generation   total 39424K, used 25000K [0x00000006ff800000, 0x00000007022c0000, 0x00000007144c0000)
  eden space 35072K,  67% used [0x00000006ff800000, 0x0000000700f1fcf8, 0x0000000701a40000)
  from space 4352K,  30% used [0x0000000701a40000, 0x0000000701b8a540, 0x0000000701e80000)
  to   space 4352K,   0% used [0x0000000701e80000, 0x0000000701e80000, 0x00000007022c0000)
 concurrent mark-sweep generation total 87424K, used 30342K [0x00000007144c0000, 0x0000000719a20000, 0x00000007f8000000)
 concurrent-mark-sweep perm gen total 131072K, used 49090K [0x00000007f8000000, 0x0000000800000000, 0x0000000800000000)
GC Heap History (10 events):
Event: 85875.495 GC heap before
{Heap before GC invocations=54 (full 21):
 par new generation   total 39424K, used 39388K [0x00000006ff800000, 0x00000007022c0000, 0x00000007144c0000)
  eden space 35072K,  99% used [0x00000006ff800000, 0x0000000701a39880, 0x0000000701a40000)
  from space 4352K,  99% used [0x0000000701e80000, 0x00000007022bd7a0, 0x00000007022c0000)
  to   space 4352K,   0% used [0x0000000701a40000, 0x0000000701a40000, 0x0000000701e80000)
 concurrent mark-sweep generation total 87424K, used 25261K [0x00000007144c0000, 0x0000000719a20000, 0x00000007f8000000)
 concurrent-mark-sweep perm gen total 131072K, used 48944K [0x00000007f8000000, 0x0000000800000000, 0x0000000800000000)
Event: 85875.500 GC heap after
Heap after GC invocations=55 (full 21):
 par new generation   total 39424K, used 2917K [0x00000006ff800000, 0x00000007022c0000, 0x00000007144c0000)
  eden space 35072K,   0% used [0x00000006ff800000, 0x00000006ff800000, 0x0000000701a40000)
  from space 4352K,  67% used [0x0000000701a40000, 0x0000000701d19518, 0x0000000701e80000)
  to   space 4352K,   0% used [0x0000000701e80000, 0x0000000701e80000, 0x00000007022c0000)
 concurrent mark-sweep generation total 87424K, used 26739K [0x00000007144c0000, 0x0000000719a20000, 0x00000007f8000000)
 concurrent-mark-sweep perm gen total 131072K, used 48944K [0x00000007f8000000, 0x0000000800000000, 0x0000000800000000)
}
Event: 85982.791 GC heap before
{Heap before GC invocations=55 (full 21):
 par new generation   total 39424K, used 37182K [0x00000006ff800000, 0x00000007022c0000, 0x00000007144c0000)
  eden space 35072K,  97% used [0x00000006ff800000, 0x0000000701976550, 0x0000000701a40000)
  from space 4352K,  67% used [0x0000000701a40000, 0x0000000701d19518, 0x0000000701e80000)
  to   space 4352K,   0% used [0x0000000701e80000, 0x0000000701e80000, 0x00000007022c0000)
 concurrent mark-sweep generation total 87424K, used 26739K [0x00000007144c0000, 0x0000000719a20000, 0x00000007f8000000)
 concurrent-mark-sweep perm gen total 131072K, used 49009K [0x00000007f8000000, 0x0000000800000000, 0x0000000800000000)
Event: 85982.797 GC heap after
Heap after GC invocations=56 (full 21):
 par new generation   total 39424K, used 4352K [0x00000006ff800000, 0x00000007022c0000, 0x00000007144c0000)
  eden space 35072K,   0% used [0x00000006ff800000, 0x00000006ff800000, 0x0000000701a40000)
  from space 4352K, 100% used [0x0000000701e80000, 0x00000007022c0000, 0x00000007022c0000)
  to   space 4352K,   0% used [0x0000000701a40000, 0x0000000701a40000, 0x0000000701e80000)
 concurrent mark-sweep generation total 87424K, used 26943K [0x00000007144c0000, 0x0000000719a20000, 0x00000007f8000000)
 concurrent-mark-sweep perm gen total 131072K, used 49009K [0x00000007f8000000, 0x0000000800000000, 0x0000000800000000)
}
Event: 86027.233 GC heap before
{Heap before GC invocations=56 (full 21):
 par new generation   total 39424K, used 38755K [0x00000006ff800000, 0x00000007022c0000, 0x00000007144c0000)
  eden space 35072K,  98% used [0x00000006ff800000, 0x0000000701998cf8, 0x0000000701a40000)
  from space 4352K, 100% used [0x0000000701e80000, 0x00000007022c0000, 0x00000007022c0000)
  to   space 4352K,   0% used [0x0000000701a40000, 0x0000000701a40000, 0x0000000701e80000)
 concurrent mark-sweep generation total 87424K, used 26943K [0x00000007144c0000, 0x0000000719a20000, 0x00000007f8000000)
 concurrent-mark-sweep perm gen total 131072K, used 49010K [0x00000007f8000000, 0x0000000800000000, 0x0000000800000000)
Event: 86027.239 GC heap after
Heap after GC invocations=57 (full 21):
 par new generation   total 39424K, used 3646K [0x00000006ff800000, 0x00000007022c0000, 0x00000007144c0000)
  eden space 35072K,   0% used [0x00000006ff800000, 0x00000006ff800000, 0x0000000701a40000)
  from space 4352K,  83% used [0x0000000701a40000, 0x0000000701dcfb18, 0x0000000701e80000)
  to   space 4352K,   0% used [0x0000000701e80000, 0x0000000701e80000, 0x00000007022c0000)
 concurrent mark-sweep generation total 87424K, used 29681K [0x00000007144c0000, 0x0000000719a20000, 0x00000007f8000000)
 concurrent-mark-sweep perm gen total 131072K, used 49010K [0x00000007f8000000, 0x0000000800000000, 0x0000000800000000)
}
Event: 86174.631 GC heap before
{Heap before GC invocations=57 (full 21):
 par new generation   total 39424K, used 37154K [0x00000006ff800000, 0x00000007022c0000, 0x00000007144c0000)
  eden space 35072K,  95% used [0x00000006ff800000, 0x00000007018b8dd8, 0x0000000701a40000)
  from space 4352K,  83% used [0x0000000701a40000, 0x0000000701dcfb18, 0x0000000701e80000)
  to   space 4352K,   0% used [0x0000000701e80000, 0x0000000701e80000, 0x00000007022c0000)
 concurrent mark-sweep generation total 87424K, used 29681K [0x00000007144c0000, 0x0000000719a20000, 0x00000007f8000000)
 concurrent-mark-sweep perm gen total 131072K, used 49026K [0x00000007f8000000, 0x0000000800000000, 0x0000000800000000)
Event: 86174.634 GC heap after
Heap after GC invocations=58 (full 21):
 par new generation   total 39424K, used 2915K [0x00000006ff800000, 0x00000007022c0000, 0x00000007144c0000)
  eden space 35072K,   0% used [0x00000006ff800000, 0x00000006ff800000, 0x0000000701a40000)
  from space 4352K,  66% used [0x0000000701e80000, 0x0000000702158de8, 0x00000007022c0000)
  to   space 4352K,   0% used [0x0000000701a40000, 0x0000000701a40000, 0x0000000701e80000)
 concurrent mark-sweep generation total 87424K, used 29681K [0x00000007144c0000, 0x0000000719a20000, 0x00000007f8000000)
 concurrent-mark-sweep perm gen total 131072K, used 49026K [0x00000007f8000000, 0x0000000800000000, 0x0000000800000000)
}
Event: 86213.879 GC heap before
{Heap before GC invocations=58 (full 21):
 par new generation   total 39424K, used 37945K [0x00000006ff800000, 0x00000007022c0000, 0x00000007144c0000)
  eden space 35072K,  99% used [0x00000006ff800000, 0x0000000701a359e8, 0x0000000701a40000)
  from space 4352K,  66% used [0x0000000701e80000, 0x0000000702158de8, 0x00000007022c0000)
  to   space 4352K,   0% used [0x0000000701a40000, 0x0000000701a40000, 0x0000000701e80000)
 concurrent mark-sweep generation total 87424K, used 29681K [0x00000007144c0000, 0x0000000719a20000, 0x00000007f8000000)
 concurrent-mark-sweep perm gen total 131072K, used 49029K [0x00000007f8000000, 0x0000000800000000, 0x0000000800000000)
Event: 86213.882 GC heap after
Heap after GC invocations=59 (full 21):
 par new generation   total 39424K, used 1321K [0x00000006ff800000, 0x00000007022c0000, 0x00000007144c0000)
  eden space 35072K,   0% used [0x00000006ff800000, 0x00000006ff800000, 0x0000000701a40000)
  from space 4352K,  30% used [0x0000000701a40000, 0x0000000701b8a540, 0x0000000701e80000)
  to   space 4352K,   0% used [0x0000000701e80000, 0x0000000701e80000, 0x00000007022c0000)
 concurrent mark-sweep generation total 87424K, used 30342K [0x00000007144c0000, 0x0000000719a20000, 0x00000007f8000000)
 concurrent-mark-sweep perm gen total 131072K, used 49029K [0x00000007f8000000, 0x0000000800000000, 0x0000000800000000)
}

